[20:44:55] [main/INFO]: Environment: authHost='https://authserver.mojang.com', accountsHost='https://api.mojang.com', sessionHost='https://sessionserver.mojang.com', servicesHost='https://api.minecraftservices.com', name='PROD'
[20:44:55] [main/INFO]: Reloading ResourceManager: Default, bukkit
[20:44:56] [Worker-Main-2/INFO]: Loaded 7 recipes
[20:44:57] [Server thread/INFO]: Starting minecraft server version 1.16.5
[20:44:57] [Server thread/INFO]: Loading properties
[20:44:57] [Server thread/INFO]: This server is running Paper version git-Paper-794 (MC: 1.16.5) (Implementing API version 1.16.5-R0.1-SNAPSHOT)
[20:44:57] [Server thread/INFO]: Debug logging is disabled
[20:44:57] [Server thread/INFO]: Using 4 threads for Netty based IO
[20:44:57] [Server thread/INFO]: Server Ping Player Sample Count: 12
[20:44:57] [Server thread/INFO]: Default game type: SURVIVAL
[20:44:57] [Server thread/INFO]: Generating keypair
[20:44:57] [Server thread/INFO]: Starting Minecraft server on *:25565
[20:44:57] [Server thread/INFO]: Using epoll channel type
[20:44:58] [Server thread/WARN]: Initializing Legacy Material Support. Unless you have legacy plugins and/or data this is a bug!
[20:45:01] [Server thread/WARN]: Legacy plugin FrameDupe v1.7.2 does not specify an api-version.
[20:45:01] [Server thread/INFO]: [FrameDupe] Loading FrameDupe v1.7.2
[20:45:01] [Server thread/INFO]: [UserLogin] Loading UserLogin v2.13.1
[20:45:01] [Server thread/INFO]: Server permissions file permissions.yml is empty, ignoring it
[20:45:01] [Server thread/WARN]: **** SERVER IS RUNNING IN OFFLINE/INSECURE MODE!
[20:45:01] [Server thread/WARN]: The server will make no attempt to authenticate usernames. Beware.
[20:45:01] [Server thread/WARN]: While this makes the game possible to play without internet access, it also opens up the ability for hackers to connect with any username they choose.
[20:45:01] [Server thread/WARN]: To change this, set "online-mode" to "true" in the server.properties file.
[20:45:01] [Server thread/INFO]: Preparing level "world"
[20:45:01] [Server thread/INFO]: ---- Migration of old nether folder required ----
[20:45:01] [Server thread/INFO]: Unfortunately due to the way that Minecraft implemented multiworld support in 1.6, Bukkit requires that you move your nether folder to a new location in order to operate correctly.
[20:45:01] [Server thread/INFO]: We will move this folder for you, but it will mean that you need to move it back should you wish to stop using Bukkit in the future.
[20:45:01] [Server thread/INFO]: Attempting to move world/DIM-1 to world_nether/DIM-1...
[20:45:01] [Server thread/INFO]: Success! To restore nether in the future, simply move world_nether/DIM-1 to world/DIM-1
[20:45:01] [Server thread/INFO]: ---- Migration of old nether folder complete ----
[20:45:01] [Server thread/INFO]: ---- Migration of old the_end folder required ----
[20:45:01] [Server thread/INFO]: Unfortunately due to the way that Minecraft implemented multiworld support in 1.6, Bukkit requires that you move your the_end folder to a new location in order to operate correctly.
[20:45:01] [Server thread/INFO]: We will move this folder for you, but it will mean that you need to move it back should you wish to stop using Bukkit in the future.
[20:45:01] [Server thread/INFO]: Attempting to move world/DIM1 to world_the_end/DIM1...
[20:45:01] [Server thread/INFO]: Success! To restore the_end in the future, simply move world_the_end/DIM1 to world/DIM1
[20:45:01] [Server thread/INFO]: ---- Migration of old the_end folder complete ----
[20:45:01] [Server thread/INFO]: Preparing start region for dimension minecraft:overworld
[20:45:01] [Server thread/INFO]: Preparing spawn area: 0%
[20:45:01] [Server thread/INFO]: Time elapsed: 282 ms
[20:45:01] [Server thread/INFO]: Preparing start region for dimension minecraft:the_nether
[20:45:01] [Server thread/INFO]: Time elapsed: 310 ms
[20:45:01] [Server thread/INFO]: Preparing start region for dimension minecraft:the_end
[20:45:01] [Server thread/INFO]: Time elapsed: 84 ms
[20:45:01] [Server thread/INFO]: [FrameDupe] Enabling FrameDupe v1.7.2*
[20:45:01] [Server thread/INFO]: FrameDupe by MrRafter loaded successfully (MC Version: 16)
[20:45:02] [Server thread/INFO]: [UserLogin] Enabling UserLogin v2.13.1
[20:45:02] [Server thread/INFO]: [UserLogin] UserLogin v2.13.1 enabled
[20:45:02] [Server thread/INFO]: Running delayed init tasks
[20:45:02] [Server thread/INFO]: Done (4.811s)! For help, type "help"
[20:45:02] [Server thread/WARN]: [io.papermc.paper.util.PaperJvmChecker] ************************************************************
[20:45:02] [Server thread/WARN]: [io.papermc.paper.util.PaperJvmChecker] * WARNING - YOU ARE RUNNING AN OUTDATED VERSION OF JAVA.
[20:45:02] [Server thread/WARN]: [io.papermc.paper.util.PaperJvmChecker] * PAPER WILL STOP BEING COMPATIBLE WITH THIS VERSION OF
[20:45:02] [Server thread/WARN]: [io.papermc.paper.util.PaperJvmChecker] * JAVA WHEN MINECRAFT 1.17 IS RELEASED.
[20:45:02] [Server thread/WARN]: [io.papermc.paper.util.PaperJvmChecker] *
[20:45:02] [Server thread/WARN]: [io.papermc.paper.util.PaperJvmChecker] * Please update the version of Java you use to run Paper
[20:45:02] [Server thread/WARN]: [io.papermc.paper.util.PaperJvmChecker] * to at least Java 16. When Paper for Minecraft 1.17 is
[20:45:02] [Server thread/WARN]: [io.papermc.paper.util.PaperJvmChecker] * released support for versions of Java before 16 will
[20:45:02] [Server thread/WARN]: [io.papermc.paper.util.PaperJvmChecker] * be dropped.
[20:45:02] [Server thread/WARN]: [io.papermc.paper.util.PaperJvmChecker] *
[20:45:02] [Server thread/WARN]: [io.papermc.paper.util.PaperJvmChecker] * Current Java version: 11.0.26
[20:45:02] [Server thread/WARN]: [io.papermc.paper.util.PaperJvmChecker] *
[20:45:02] [Server thread/WARN]: [io.papermc.paper.util.PaperJvmChecker] * Check this forum post for more information: 
[20:45:02] [Server thread/WARN]: [io.papermc.paper.util.PaperJvmChecker] *   https://papermc.io/java16
[20:45:02] [Server thread/WARN]: [io.papermc.paper.util.PaperJvmChecker] ************************************************************
[20:45:02] [Server thread/INFO]: Timings Reset
[20:45:02] [Craft Scheduler Thread - 1/INFO]: [UserLogin] Running latest version! (v2.13.1)
[20:46:15] [User Authenticator #1/INFO]: UUID of player caiedwhip is fa8c7503-09e0-3590-a3a9-96ffaaf9c2b8
[20:46:18] [Server thread/INFO]: caiedwhip[/127.197.226.216:55377] logged in with entity id 279 at ([world]-16.0, 67.0, -64.0)
[20:47:13] [Server thread/INFO]: caiedwhip lost connection: Disconnected
[20:47:13] [Server thread/INFO]: caiedwhip left the game
[20:48:22] [User Authenticator #2/INFO]: UUID of player caiedwhip is fa8c7503-09e0-3590-a3a9-96ffaaf9c2b8
[20:48:22] [Server thread/INFO]: caiedwhip[/127.197.226.216:47487] logged in with entity id 1244 at ([world]-16.0, 67.0, -64.0)
[20:48:36] [Server thread/INFO]: caiedwhip lost connection: Disconnected
[20:48:36] [Server thread/INFO]: caiedwhip left the game
[20:48:40] [User Authenticator #2/INFO]: UUID of player caiedwhip is fa8c7503-09e0-3590-a3a9-96ffaaf9c2b8
[20:48:40] [Server thread/INFO]: caiedwhip[/127.197.226.216:55917] logged in with entity id 1723 at ([world]-16.0, 67.0, -64.0)
[20:48:42] [Server thread/INFO]: caiedwhip lost connection: Disconnected
[20:48:42] [Server thread/INFO]: caiedwhip left the game
[20:49:07] [Server thread/INFO]: Stopping server
[20:49:07] [Server thread/INFO]: [UserLogin] Disabling UserLogin v2.13.1
[20:49:07] [Server thread/INFO]: [FrameDupe] Disabling FrameDupe v1.7.2
[20:49:07] [Server thread/INFO]: Saving players
[20:49:07] [Server thread/INFO]: Saving worlds
[20:49:07] [Server thread/INFO]: Saving chunks for level 'ServerLevel[world]'/minecraft:overworld
[20:49:08] [Server thread/INFO]: ThreadedAnvilChunkStorage (world): All chunks are saved
[20:49:08] [Server thread/INFO]: Saving chunks for level 'ServerLevel[world_nether]'/minecraft:the_nether
[20:49:08] [Server thread/INFO]: ThreadedAnvilChunkStorage (DIM-1): All chunks are saved
[20:49:08] [Server thread/INFO]: Saving chunks for level 'ServerLevel[world_the_end]'/minecraft:the_end
[20:49:09] [Server thread/INFO]: ThreadedAnvilChunkStorage (DIM1): All chunks are saved
[20:49:09] [Server thread/INFO]: ThreadedAnvilChunkStorage (world): All chunks are saved
[20:49:09] [Server thread/INFO]: ThreadedAnvilChunkStorage (DIM-1): All chunks are saved
[20:49:09] [Server thread/INFO]: ThreadedAnvilChunkStorage (DIM1): All chunks are saved
[20:49:09] [Server thread/INFO]: Flushing Chunk IO
[20:49:09] [Server thread/INFO]: Closing Thread Pool
[20:49:09] [Server thread/INFO]: Closing Server
